mode: count
github.com\ckinniburgh\cjk_math\cjk_math.go:5.24,6.11 1 5
github.com\ckinniburgh\cjk_math\cjk_math.go:9.2,9.10 1 5
github.com\ckinniburgh\cjk_math\cjk_math.go:6.11,8.3 1 2
github.com\ckinniburgh\cjk_math\cjk_math.go:11.27,12.11 1 5
github.com\ckinniburgh\cjk_math\cjk_math.go:15.2,15.10 1 5
github.com\ckinniburgh\cjk_math\cjk_math.go:12.11,14.3 1 2
github.com\ckinniburgh\cjk_math\cjk_math.go:17.30,18.11 1 7
github.com\ckinniburgh\cjk_math\cjk_math.go:21.2,21.10 1 7
github.com\ckinniburgh\cjk_math\cjk_math.go:18.11,20.3 1 3
github.com\ckinniburgh\cjk_math\cjk_math.go:23.30,24.11 1 9
github.com\ckinniburgh\cjk_math\cjk_math.go:27.2,27.10 1 9
github.com\ckinniburgh\cjk_math\cjk_math.go:24.11,26.3 1 4
github.com\ckinniburgh\cjk_math\cjk_math.go:29.30,30.11 1 11
github.com\ckinniburgh\cjk_math\cjk_math.go:33.2,33.10 1 11
github.com\ckinniburgh\cjk_math\cjk_math.go:30.11,32.3 1 5
github.com\ckinniburgh\cjk_math\cjk_math.go:38.27,39.11 1 7
github.com\ckinniburgh\cjk_math\cjk_math.go:42.2,42.10 1 4
github.com\ckinniburgh\cjk_math\cjk_math.go:39.11,41.3 1 3
github.com\ckinniburgh\cjk_math\cjk_math.go:44.30,45.11 1 7
github.com\ckinniburgh\cjk_math\cjk_math.go:48.2,48.10 1 4
github.com\ckinniburgh\cjk_math\cjk_math.go:45.11,47.3 1 3
github.com\ckinniburgh\cjk_math\cjk_math.go:50.33,51.11 1 9
github.com\ckinniburgh\cjk_math\cjk_math.go:54.2,54.10 1 5
github.com\ckinniburgh\cjk_math\cjk_math.go:51.11,53.3 1 4
github.com\ckinniburgh\cjk_math\cjk_math.go:56.33,57.11 1 11
github.com\ckinniburgh\cjk_math\cjk_math.go:60.2,60.10 1 6
github.com\ckinniburgh\cjk_math\cjk_math.go:57.11,59.3 1 5
github.com\ckinniburgh\cjk_math\cjk_math.go:62.33,63.11 1 13
github.com\ckinniburgh\cjk_math\cjk_math.go:66.2,66.10 1 7
github.com\ckinniburgh\cjk_math\cjk_math.go:63.11,65.3 1 6
github.com\ckinniburgh\cjk_math\cjk_math.go:68.30,69.11 1 0
github.com\ckinniburgh\cjk_math\cjk_math.go:72.2,72.10 1 0
github.com\ckinniburgh\cjk_math\cjk_math.go:69.11,71.3 1 0
github.com\ckinniburgh\cjk_math\cjk_math.go:74.33,75.11 1 0
github.com\ckinniburgh\cjk_math\cjk_math.go:78.2,78.10 1 0
github.com\ckinniburgh\cjk_math\cjk_math.go:75.11,77.3 1 0
github.com\ckinniburgh\cjk_math\cjk_math.go:80.36,81.11 1 0
github.com\ckinniburgh\cjk_math\cjk_math.go:84.2,84.10 1 0
github.com\ckinniburgh\cjk_math\cjk_math.go:81.11,83.3 1 0
github.com\ckinniburgh\cjk_math\cjk_math.go:86.36,87.11 1 0
github.com\ckinniburgh\cjk_math\cjk_math.go:90.2,90.10 1 0
github.com\ckinniburgh\cjk_math\cjk_math.go:87.11,89.3 1 0
github.com\ckinniburgh\cjk_math\cjk_math.go:92.36,93.11 1 0
github.com\ckinniburgh\cjk_math\cjk_math.go:96.2,96.10 1 0
github.com\ckinniburgh\cjk_math\cjk_math.go:93.11,95.3 1 0
github.com\ckinniburgh\cjk_math\cjk_math.go:101.27,102.11 1 7
github.com\ckinniburgh\cjk_math\cjk_math.go:105.2,105.10 1 4
github.com\ckinniburgh\cjk_math\cjk_math.go:102.11,104.3 1 3
github.com\ckinniburgh\cjk_math\cjk_math.go:107.30,108.11 1 7
github.com\ckinniburgh\cjk_math\cjk_math.go:111.2,111.10 1 4
github.com\ckinniburgh\cjk_math\cjk_math.go:108.11,110.3 1 3
github.com\ckinniburgh\cjk_math\cjk_math.go:113.33,114.11 1 9
github.com\ckinniburgh\cjk_math\cjk_math.go:117.2,117.10 1 5
github.com\ckinniburgh\cjk_math\cjk_math.go:114.11,116.3 1 4
github.com\ckinniburgh\cjk_math\cjk_math.go:119.33,120.11 1 11
github.com\ckinniburgh\cjk_math\cjk_math.go:123.2,123.10 1 6
github.com\ckinniburgh\cjk_math\cjk_math.go:120.11,122.3 1 5
github.com\ckinniburgh\cjk_math\cjk_math.go:125.33,126.11 1 13
github.com\ckinniburgh\cjk_math\cjk_math.go:129.2,129.10 1 7
github.com\ckinniburgh\cjk_math\cjk_math.go:126.11,128.3 1 6
github.com\ckinniburgh\cjk_math\cjk_math.go:131.30,132.11 1 0
github.com\ckinniburgh\cjk_math\cjk_math.go:135.2,135.10 1 0
github.com\ckinniburgh\cjk_math\cjk_math.go:132.11,134.3 1 0
github.com\ckinniburgh\cjk_math\cjk_math.go:137.33,138.11 1 0
github.com\ckinniburgh\cjk_math\cjk_math.go:141.2,141.10 1 0
github.com\ckinniburgh\cjk_math\cjk_math.go:138.11,140.3 1 0
github.com\ckinniburgh\cjk_math\cjk_math.go:143.36,144.11 1 0
github.com\ckinniburgh\cjk_math\cjk_math.go:147.2,147.10 1 0
github.com\ckinniburgh\cjk_math\cjk_math.go:144.11,146.3 1 0
github.com\ckinniburgh\cjk_math\cjk_math.go:149.36,150.11 1 0
github.com\ckinniburgh\cjk_math\cjk_math.go:153.2,153.10 1 0
github.com\ckinniburgh\cjk_math\cjk_math.go:150.11,152.3 1 0
github.com\ckinniburgh\cjk_math\cjk_math.go:155.36,156.11 1 0
github.com\ckinniburgh\cjk_math\cjk_math.go:159.2,159.10 1 0
github.com\ckinniburgh\cjk_math\cjk_math.go:156.11,158.3 1 0
github.com\ckinniburgh\cjk_math\cjk_math.go:164.27,165.12 1 7
github.com\ckinniburgh\cjk_math\cjk_math.go:168.2,168.11 1 6
github.com\ckinniburgh\cjk_math\cjk_math.go:171.2,173.12 2 6
github.com\ckinniburgh\cjk_math\cjk_math.go:180.2,180.12 1 4
github.com\ckinniburgh\cjk_math\cjk_math.go:165.12,167.3 1 1
github.com\ckinniburgh\cjk_math\cjk_math.go:168.11,170.3 1 0
github.com\ckinniburgh\cjk_math\cjk_math.go:173.12,175.14 2 20
github.com\ckinniburgh\cjk_math\cjk_math.go:178.3,178.6 1 18
github.com\ckinniburgh\cjk_math\cjk_math.go:175.14,177.4 1 2
github.com\ckinniburgh\cjk_math\cjk_math.go:182.30,183.12 1 5
github.com\ckinniburgh\cjk_math\cjk_math.go:186.2,186.11 1 4
github.com\ckinniburgh\cjk_math\cjk_math.go:189.2,191.12 2 4
github.com\ckinniburgh\cjk_math\cjk_math.go:198.2,198.12 1 3
github.com\ckinniburgh\cjk_math\cjk_math.go:183.12,185.3 1 1
github.com\ckinniburgh\cjk_math\cjk_math.go:186.11,188.3 1 0
github.com\ckinniburgh\cjk_math\cjk_math.go:191.12,193.14 2 8
github.com\ckinniburgh\cjk_math\cjk_math.go:196.3,196.6 1 7
github.com\ckinniburgh\cjk_math\cjk_math.go:193.14,195.4 1 1
github.com\ckinniburgh\cjk_math\cjk_math.go:200.33,201.12 1 5
github.com\ckinniburgh\cjk_math\cjk_math.go:204.2,204.11 1 4
github.com\ckinniburgh\cjk_math\cjk_math.go:207.2,209.12 2 4
github.com\ckinniburgh\cjk_math\cjk_math.go:216.2,216.12 1 3
github.com\ckinniburgh\cjk_math\cjk_math.go:201.12,203.3 1 1
github.com\ckinniburgh\cjk_math\cjk_math.go:204.11,206.3 1 0
github.com\ckinniburgh\cjk_math\cjk_math.go:209.12,211.14 2 9
github.com\ckinniburgh\cjk_math\cjk_math.go:214.3,214.6 1 8
github.com\ckinniburgh\cjk_math\cjk_math.go:211.14,213.4 1 1
github.com\ckinniburgh\cjk_math\cjk_math.go:218.33,219.12 1 6
github.com\ckinniburgh\cjk_math\cjk_math.go:222.2,222.11 1 5
github.com\ckinniburgh\cjk_math\cjk_math.go:225.2,227.12 2 5
github.com\ckinniburgh\cjk_math\cjk_math.go:234.2,234.12 1 4
github.com\ckinniburgh\cjk_math\cjk_math.go:219.12,221.3 1 1
github.com\ckinniburgh\cjk_math\cjk_math.go:222.11,224.3 1 0
github.com\ckinniburgh\cjk_math\cjk_math.go:227.12,229.14 2 23
github.com\ckinniburgh\cjk_math\cjk_math.go:232.3,232.6 1 22
github.com\ckinniburgh\cjk_math\cjk_math.go:229.14,231.4 1 1
github.com\ckinniburgh\cjk_math\cjk_math.go:236.33,237.12 1 5
github.com\ckinniburgh\cjk_math\cjk_math.go:240.2,240.11 1 4
github.com\ckinniburgh\cjk_math\cjk_math.go:243.2,245.12 2 4
github.com\ckinniburgh\cjk_math\cjk_math.go:252.2,252.12 1 3
github.com\ckinniburgh\cjk_math\cjk_math.go:237.12,239.3 1 1
github.com\ckinniburgh\cjk_math\cjk_math.go:240.11,242.3 1 0
github.com\ckinniburgh\cjk_math\cjk_math.go:245.12,247.14 2 28
github.com\ckinniburgh\cjk_math\cjk_math.go:250.3,250.6 1 27
github.com\ckinniburgh\cjk_math\cjk_math.go:247.14,249.4 1 1
github.com\ckinniburgh\cjk_math\cjk_math.go:255.30,256.12 1 6
github.com\ckinniburgh\cjk_math\cjk_math.go:259.2,261.12 2 5
github.com\ckinniburgh\cjk_math\cjk_math.go:268.2,268.12 1 4
github.com\ckinniburgh\cjk_math\cjk_math.go:256.12,258.3 1 1
github.com\ckinniburgh\cjk_math\cjk_math.go:261.12,262.30 1 14
github.com\ckinniburgh\cjk_math\cjk_math.go:265.3,266.6 2 13
github.com\ckinniburgh\cjk_math\cjk_math.go:262.30,264.4 1 1
github.com\ckinniburgh\cjk_math\cjk_math.go:270.33,271.12 1 5
github.com\ckinniburgh\cjk_math\cjk_math.go:274.2,276.12 2 4
github.com\ckinniburgh\cjk_math\cjk_math.go:283.2,283.12 1 3
github.com\ckinniburgh\cjk_math\cjk_math.go:271.12,273.3 1 1
github.com\ckinniburgh\cjk_math\cjk_math.go:276.12,277.31 1 6
github.com\ckinniburgh\cjk_math\cjk_math.go:280.3,281.6 2 5
github.com\ckinniburgh\cjk_math\cjk_math.go:277.31,279.4 1 1
github.com\ckinniburgh\cjk_math\cjk_math.go:285.36,286.12 1 5
github.com\ckinniburgh\cjk_math\cjk_math.go:289.2,291.12 2 4
github.com\ckinniburgh\cjk_math\cjk_math.go:298.2,298.12 1 3
github.com\ckinniburgh\cjk_math\cjk_math.go:286.12,288.3 1 1
github.com\ckinniburgh\cjk_math\cjk_math.go:291.12,292.32 1 9
github.com\ckinniburgh\cjk_math\cjk_math.go:295.3,296.6 2 8
github.com\ckinniburgh\cjk_math\cjk_math.go:292.32,294.4 1 1
github.com\ckinniburgh\cjk_math\cjk_math.go:300.36,301.12 1 6
github.com\ckinniburgh\cjk_math\cjk_math.go:304.2,306.12 2 5
github.com\ckinniburgh\cjk_math\cjk_math.go:313.2,313.12 1 4
github.com\ckinniburgh\cjk_math\cjk_math.go:301.12,303.3 1 1
github.com\ckinniburgh\cjk_math\cjk_math.go:306.12,307.32 1 12
github.com\ckinniburgh\cjk_math\cjk_math.go:310.3,311.6 2 11
github.com\ckinniburgh\cjk_math\cjk_math.go:307.32,309.4 1 1
github.com\ckinniburgh\cjk_math\cjk_math.go:315.36,316.12 1 6
github.com\ckinniburgh\cjk_math\cjk_math.go:319.2,321.12 2 5
github.com\ckinniburgh\cjk_math\cjk_math.go:328.2,328.12 1 4
github.com\ckinniburgh\cjk_math\cjk_math.go:316.12,318.3 1 1
github.com\ckinniburgh\cjk_math\cjk_math.go:321.12,322.32 1 14
github.com\ckinniburgh\cjk_math\cjk_math.go:325.3,326.6 2 13
github.com\ckinniburgh\cjk_math\cjk_math.go:322.32,324.4 1 1
github.com\ckinniburgh\cjk_math\cjk_math.go:334.38,335.22 1 14
github.com\ckinniburgh\cjk_math\cjk_math.go:338.2,339.17 2 9
github.com\ckinniburgh\cjk_math\cjk_math.go:335.22,337.3 1 5
github.com\ckinniburgh\cjk_math\cjk_math.go:342.40,343.22 1 6
github.com\ckinniburgh\cjk_math\cjk_math.go:346.2,347.17 2 2
github.com\ckinniburgh\cjk_math\cjk_math.go:343.22,345.3 1 4
github.com\ckinniburgh\cjk_math\cjk_math.go:350.42,351.22 1 9
github.com\ckinniburgh\cjk_math\cjk_math.go:354.2,355.17 2 5
github.com\ckinniburgh\cjk_math\cjk_math.go:351.22,353.3 1 4
github.com\ckinniburgh\cjk_math\cjk_math.go:358.42,359.22 1 12
github.com\ckinniburgh\cjk_math\cjk_math.go:362.2,363.17 2 7
github.com\ckinniburgh\cjk_math\cjk_math.go:359.22,361.3 1 5
github.com\ckinniburgh\cjk_math\cjk_math.go:366.42,367.22 1 14
github.com\ckinniburgh\cjk_math\cjk_math.go:370.2,371.17 2 9
github.com\ckinniburgh\cjk_math\cjk_math.go:367.22,369.3 1 5
